  [4;36;1mSQL (149.6ms)[0m   [0;1mselect lower(table_name) from user_tables[0m
  [4;35;1mSQL (1.3ms)[0m   [0mSELECT version FROM schema_migrations[0m
Migrating to CreateSites (20100223193702)
  [4;36;1mSQL (94.8ms)[0m   [0;1mCREATE TABLE sites (site_id NUMBER(38) NOT NULL PRIMARY KEY, locale VARCHAR2(255), created_at DATE, updated_at DATE) [0m
  [4;35;1mSQL (4.4ms)[0m   [0mCREATE SEQUENCE sites_seq START WITH 10000[0m
  [4;36;1mSQL (1.6ms)[0m   [0;1mINSERT INTO schema_migrations (version) VALUES ('20100223193702')[0m
Migrating to CreateItems (20100223193714)
  [4;35;1mSQL (28.3ms)[0m   [0mCREATE TABLE items (site_id VARCHAR2(255), title VARCHAR2(255), image VARCHAR2(255), description CLOB, price DECIMAL, created_at DATE, updated_at DATE) [0m
  [4;36;1mSQL (0.4ms)[0m   [0;1mINSERT INTO schema_migrations (version) VALUES ('20100223193714')[0m
  [4;35;1mSQL (12.2ms)[0m   [0mselect lower(table_name) from user_tables[0m
  [4;36;1mSQL (0.4ms)[0m   [0;1mSELECT version FROM schema_migrations[0m
  [4;35;1mSQL (11.7ms)[0m   [0mselect lower(table_name) from user_tables[0m
  [4;36;1mSQL (5.2ms)[0m   [0;1m select column_name as name, data_type as sql_type, data_default, nullable,
 decode(data_type, 'NUMBER', data_precision,
 'FLOAT', data_precision,
 'VARCHAR2', data_length,
 'CHAR', data_length,
 null) as limit,
 decode(data_type, 'NUMBER', data_scale, null) as scale
 from all_tab_columns
 where owner = 'RUBY'
 and table_name = 'ITEMS'
 order by column_id
[0m
  [4;35;1mPrimary Key (347.8ms)[0m   [0m select cc.column_name
 from all_constraints c, all_cons_columns cc
 where c.owner = 'RUBY'
 and c.table_name = 'ITEMS'
 and c.constraint_type = 'P'
 and cc.owner = c.owner
 and cc.constraint_name = c.constraint_name
[0m
  [4;36;1mSQL (724.2ms)[0m   [0;1m SELECT lower(i.index_name) as index_name, i.uniqueness, lower(c.column_name) as column_name
 FROM user_indexes i, user_ind_columns c
 WHERE i.table_name = 'ITEMS'
 AND c.index_name = i.index_name
 AND i.index_name NOT IN (SELECT uc.index_name FROM user_constraints uc WHERE uc.constraint_type = 'P')
 ORDER BY i.index_name, c.column_position
[0m
  [4;35;1mSQL (0.9ms)[0m   [0m select column_name as name, data_type as sql_type, data_default, nullable,
 decode(data_type, 'NUMBER', data_precision,
 'FLOAT', data_precision,
 'VARCHAR2', data_length,
 'CHAR', data_length,
 null) as limit,
 decode(data_type, 'NUMBER', data_scale, null) as scale
 from all_tab_columns
 where owner = 'RUBY'
 and table_name = 'SITES'
 order by column_id
[0m
  [4;36;1mPrimary Key (289.9ms)[0m   [0;1m select cc.column_name
 from all_constraints c, all_cons_columns cc
 where c.owner = 'RUBY'
 and c.table_name = 'SITES'
 and c.constraint_type = 'P'
 and cc.owner = c.owner
 and cc.constraint_name = c.constraint_name
[0m
  [4;35;1mSQL (705.5ms)[0m   [0m SELECT lower(i.index_name) as index_name, i.uniqueness, lower(c.column_name) as column_name
 FROM user_indexes i, user_ind_columns c
 WHERE i.table_name = 'SITES'
 AND c.index_name = i.index_name
 AND i.index_name NOT IN (SELECT uc.index_name FROM user_constraints uc WHERE uc.constraint_type = 'P')
 ORDER BY i.index_name, c.column_position
[0m
  [4;36;1mSQL (56.0ms)[0m   [0;1mselect lower(table_name) from user_tables[0m
  [4;35;1mSQL (0.4ms)[0m   [0mSELECT version FROM schema_migrations[0m
  [4;36;1mSQL (41.6ms)[0m   [0;1mselect lower(table_name) from user_tables[0m
  [4;35;1mSQL (0.4ms)[0m   [0mSELECT version FROM schema_migrations[0m
Migrating to CreateItems (20100223193714)
  [4;36;1mSQL (220.5ms)[0m   [0;1mDROP TABLE items[0m
  [4;35;1mSQL (129.6ms)[0m   [0mDROP SEQUENCE items_seq[0m
  [4;36;1mSQL (0.9ms)[0m   [0;1mDELETE FROM schema_migrations WHERE version = '20100223193714'[0m
  [4;35;1mSQL (12.4ms)[0m   [0mselect lower(table_name) from user_tables[0m
  [4;36;1mSQL (0.4ms)[0m   [0;1mSELECT version FROM schema_migrations[0m
  [4;35;1mSQL (16.7ms)[0m   [0mselect lower(table_name) from user_tables[0m
  [4;36;1mSQL (0.9ms)[0m   [0;1m select column_name as name, data_type as sql_type, data_default, nullable,
 decode(data_type, 'NUMBER', data_precision,
 'FLOAT', data_precision,
 'VARCHAR2', data_length,
 'CHAR', data_length,
 null) as limit,
 decode(data_type, 'NUMBER', data_scale, null) as scale
 from all_tab_columns
 where owner = 'RUBY'
 and table_name = 'SITES'
 order by column_id
[0m
  [4;35;1mPrimary Key (23.7ms)[0m   [0m select cc.column_name
 from all_constraints c, all_cons_columns cc
 where c.owner = 'RUBY'
 and c.table_name = 'SITES'
 and c.constraint_type = 'P'
 and cc.owner = c.owner
 and cc.constraint_name = c.constraint_name
[0m
  [4;36;1mSQL (3.8ms)[0m   [0;1m SELECT lower(i.index_name) as index_name, i.uniqueness, lower(c.column_name) as column_name
 FROM user_indexes i, user_ind_columns c
 WHERE i.table_name = 'SITES'
 AND c.index_name = i.index_name
 AND i.index_name NOT IN (SELECT uc.index_name FROM user_constraints uc WHERE uc.constraint_type = 'P')
 ORDER BY i.index_name, c.column_position
[0m
  [4;36;1mSQL (35.6ms)[0m   [0;1mselect lower(table_name) from user_tables[0m
  [4;35;1mSQL (0.4ms)[0m   [0mSELECT version FROM schema_migrations[0m
  [4;36;1mSQL (21.4ms)[0m   [0;1mselect lower(table_name) from user_tables[0m
  [4;35;1mSQL (0.3ms)[0m   [0mSELECT version FROM schema_migrations[0m
Migrating to CreateSites (20100223193702)
  [4;36;1mSQL (94.6ms)[0m   [0;1mDROP TABLE sites[0m
  [4;35;1mSQL (5.2ms)[0m   [0mDROP SEQUENCE sites_seq[0m
  [4;36;1mSQL (0.5ms)[0m   [0;1mDELETE FROM schema_migrations WHERE version = '20100223193702'[0m
  [4;35;1mSQL (38.3ms)[0m   [0mselect lower(table_name) from user_tables[0m
  [4;36;1mSQL (0.4ms)[0m   [0;1mSELECT version FROM schema_migrations[0m
  [4;35;1mSQL (42.9ms)[0m   [0mselect lower(table_name) from user_tables[0m
  [4;36;1mSQL (25.5ms)[0m   [0;1mselect lower(table_name) from user_tables[0m
  [4;35;1mSQL (0.4ms)[0m   [0mSELECT version FROM schema_migrations[0m
Migrating to CreateSites (20100223193702)
  [4;36;1mSQL (26.1ms)[0m   [0;1mCREATE TABLE sites (site_id VARCHAR2(3) NOT NULL, locale VARCHAR2(255) NOT NULL, created_at DATE, updated_at DATE) [0m
  [4;35;1mSQL (3.9ms)[0m   [0mCREATE UNIQUE INDEX primary_key ON sites (site_id)[0m
  [4;36;1mSQL (0.5ms)[0m   [0;1mINSERT INTO schema_migrations (version) VALUES ('20100223193702')[0m
Migrating to CreateItems (20100223193714)
  [4;35;1mSQL (32.2ms)[0m   [0mCREATE TABLE items (site_id VARCHAR2(255), item_id NUMBER(38), title VARCHAR2(255), image VARCHAR2(255), description CLOB, price DECIMAL, bids_count NUMBER(38), cust_id NUMBER(38), created_at DATE, updated_at DATE) [0m
  [4;36;1mSQL (20.5ms)[0m   [0;1mINSERT INTO schema_migrations (version) VALUES ('20100223193714')[0m
  [4;35;1mSQL (32.3ms)[0m   [0mselect lower(table_name) from user_tables[0m
  [4;36;1mSQL (0.4ms)[0m   [0;1mSELECT version FROM schema_migrations[0m
  [4;35;1mSQL (31.6ms)[0m   [0mselect lower(table_name) from user_tables[0m
  [4;36;1mSQL (0.9ms)[0m   [0;1m select column_name as name, data_type as sql_type, data_default, nullable,
 decode(data_type, 'NUMBER', data_precision,
 'FLOAT', data_precision,
 'VARCHAR2', data_length,
 'CHAR', data_length,
 null) as limit,
 decode(data_type, 'NUMBER', data_scale, null) as scale
 from all_tab_columns
 where owner = 'RUBY'
 and table_name = 'ITEMS'
 order by column_id
[0m
  [4;35;1mPrimary Key (23.5ms)[0m   [0m select cc.column_name
 from all_constraints c, all_cons_columns cc
 where c.owner = 'RUBY'
 and c.table_name = 'ITEMS'
 and c.constraint_type = 'P'
 and cc.owner = c.owner
 and cc.constraint_name = c.constraint_name
[0m
  [4;36;1mSQL (1.0ms)[0m   [0;1m SELECT lower(i.index_name) as index_name, i.uniqueness, lower(c.column_name) as column_name
 FROM user_indexes i, user_ind_columns c
 WHERE i.table_name = 'ITEMS'
 AND c.index_name = i.index_name
 AND i.index_name NOT IN (SELECT uc.index_name FROM user_constraints uc WHERE uc.constraint_type = 'P')
 ORDER BY i.index_name, c.column_position
[0m
  [4;35;1mSQL (0.7ms)[0m   [0m select column_name as name, data_type as sql_type, data_default, nullable,
 decode(data_type, 'NUMBER', data_precision,
 'FLOAT', data_precision,
 'VARCHAR2', data_length,
 'CHAR', data_length,
 null) as limit,
 decode(data_type, 'NUMBER', data_scale, null) as scale
 from all_tab_columns
 where owner = 'RUBY'
 and table_name = 'SITES'
 order by column_id
[0m
  [4;36;1mPrimary Key (3.0ms)[0m   [0;1m select cc.column_name
 from all_constraints c, all_cons_columns cc
 where c.owner = 'RUBY'
 and c.table_name = 'SITES'
 and c.constraint_type = 'P'
 and cc.owner = c.owner
 and cc.constraint_name = c.constraint_name
[0m
  [4;35;1mSQL (17.3ms)[0m   [0m SELECT lower(i.index_name) as index_name, i.uniqueness, lower(c.column_name) as column_name
 FROM user_indexes i, user_ind_columns c
 WHERE i.table_name = 'SITES'
 AND c.index_name = i.index_name
 AND i.index_name NOT IN (SELECT uc.index_name FROM user_constraints uc WHERE uc.constraint_type = 'P')
 ORDER BY i.index_name, c.column_position
[0m
  [4;36;1mSQL (47.8ms)[0m   [0;1mselect lower(table_name) from user_tables[0m
  [4;35;1mSQL (0.5ms)[0m   [0mSELECT version FROM schema_migrations[0m
  [4;36;1mSQL (31.9ms)[0m   [0;1mselect lower(table_name) from user_tables[0m
  [4;35;1mSQL (0.4ms)[0m   [0mSELECT version FROM schema_migrations[0m
Migrating to CreateItems (20100223193714)
  [4;36;1mSQL (27.3ms)[0m   [0;1mDROP TABLE items[0m
  [4;35;1mSQL (0.0ms)[0m   [0mOCIError: ORA-02289: sequence does not exist: DROP SEQUENCE items_seq[0m
  [4;36;1mSQL (1.0ms)[0m   [0;1mDELETE FROM schema_migrations WHERE version = '20100223193714'[0m
  [4;35;1mSQL (41.9ms)[0m   [0mselect lower(table_name) from user_tables[0m
  [4;36;1mSQL (0.4ms)[0m   [0;1mSELECT version FROM schema_migrations[0m
  [4;35;1mSQL (31.7ms)[0m   [0mselect lower(table_name) from user_tables[0m
  [4;36;1mSQL (0.9ms)[0m   [0;1m select column_name as name, data_type as sql_type, data_default, nullable,
 decode(data_type, 'NUMBER', data_precision,
 'FLOAT', data_precision,
 'VARCHAR2', data_length,
 'CHAR', data_length,
 null) as limit,
 decode(data_type, 'NUMBER', data_scale, null) as scale
 from all_tab_columns
 where owner = 'RUBY'
 and table_name = 'SITES'
 order by column_id
[0m
  [4;35;1mPrimary Key (16.5ms)[0m   [0m select cc.column_name
 from all_constraints c, all_cons_columns cc
 where c.owner = 'RUBY'
 and c.table_name = 'SITES'
 and c.constraint_type = 'P'
 and cc.owner = c.owner
 and cc.constraint_name = c.constraint_name
[0m
  [4;36;1mSQL (4.2ms)[0m   [0;1m SELECT lower(i.index_name) as index_name, i.uniqueness, lower(c.column_name) as column_name
 FROM user_indexes i, user_ind_columns c
 WHERE i.table_name = 'SITES'
 AND c.index_name = i.index_name
 AND i.index_name NOT IN (SELECT uc.index_name FROM user_constraints uc WHERE uc.constraint_type = 'P')
 ORDER BY i.index_name, c.column_position
[0m
  [4;36;1mSQL (54.2ms)[0m   [0;1mselect lower(table_name) from user_tables[0m
  [4;35;1mSQL (0.4ms)[0m   [0mSELECT version FROM schema_migrations[0m
  [4;36;1mSQL (11.6ms)[0m   [0;1mselect lower(table_name) from user_tables[0m
  [4;35;1mSQL (0.4ms)[0m   [0mSELECT version FROM schema_migrations[0m
Migrating to CreateSites (20100223193702)
  [4;36;1mSQL (104.3ms)[0m   [0;1mDROP TABLE sites[0m
  [4;35;1mSQL (0.0ms)[0m   [0mOCIError: ORA-02289: sequence does not exist: DROP SEQUENCE sites_seq[0m
  [4;36;1mSQL (0.4ms)[0m   [0;1mDELETE FROM schema_migrations WHERE version = '20100223193702'[0m
  [4;35;1mSQL (30.7ms)[0m   [0mselect lower(table_name) from user_tables[0m
  [4;36;1mSQL (0.4ms)[0m   [0;1mSELECT version FROM schema_migrations[0m
  [4;35;1mSQL (31.0ms)[0m   [0mselect lower(table_name) from user_tables[0m
  [4;36;1mSQL (64.7ms)[0m   [0;1mselect lower(table_name) from user_tables[0m
  [4;35;1mSQL (0.4ms)[0m   [0mSELECT version FROM schema_migrations[0m
Migrating to CreateSites (20100223193702)
  [4;36;1mSQL (17.9ms)[0m   [0;1mCREATE TABLE sites (site_id VARCHAR2(3) NOT NULL, locale VARCHAR2(2) NOT NULL, created_at DATE, updated_at DATE) [0m
  [4;35;1mSQL (0.5ms)[0m   [0mINSERT INTO schema_migrations (version) VALUES ('20100223193702')[0m
Migrating to CreateItems (20100223193714)
  [4;36;1mSQL (41.5ms)[0m   [0;1mCREATE TABLE items (site_id VARCHAR2(255), item_id NUMBER(38), title VARCHAR2(255), image VARCHAR2(255), description CLOB, price DECIMAL, bids_count NUMBER(38), cust_id NUMBER(38), created_at DATE, updated_at DATE) [0m
  [4;35;1mSQL (0.4ms)[0m   [0mINSERT INTO schema_migrations (version) VALUES ('20100223193714')[0m
  [4;36;1mSQL (12.2ms)[0m   [0;1mselect lower(table_name) from user_tables[0m
  [4;35;1mSQL (0.4ms)[0m   [0mSELECT version FROM schema_migrations[0m
  [4;36;1mSQL (41.8ms)[0m   [0;1mselect lower(table_name) from user_tables[0m
  [4;35;1mSQL (0.9ms)[0m   [0m select column_name as name, data_type as sql_type, data_default, nullable,
 decode(data_type, 'NUMBER', data_precision,
 'FLOAT', data_precision,
 'VARCHAR2', data_length,
 'CHAR', data_length,
 null) as limit,
 decode(data_type, 'NUMBER', data_scale, null) as scale
 from all_tab_columns
 where owner = 'RUBY'
 and table_name = 'ITEMS'
 order by column_id
[0m
  [4;36;1mPrimary Key (3.6ms)[0m   [0;1m select cc.column_name
 from all_constraints c, all_cons_columns cc
 where c.owner = 'RUBY'
 and c.table_name = 'ITEMS'
 and c.constraint_type = 'P'
 and cc.owner = c.owner
 and cc.constraint_name = c.constraint_name
[0m
  [4;35;1mSQL (13.7ms)[0m   [0m SELECT lower(i.index_name) as index_name, i.uniqueness, lower(c.column_name) as column_name
 FROM user_indexes i, user_ind_columns c
 WHERE i.table_name = 'ITEMS'
 AND c.index_name = i.index_name
 AND i.index_name NOT IN (SELECT uc.index_name FROM user_constraints uc WHERE uc.constraint_type = 'P')
 ORDER BY i.index_name, c.column_position
[0m
  [4;36;1mSQL (0.7ms)[0m   [0;1m select column_name as name, data_type as sql_type, data_default, nullable,
 decode(data_type, 'NUMBER', data_precision,
 'FLOAT', data_precision,
 'VARCHAR2', data_length,
 'CHAR', data_length,
 null) as limit,
 decode(data_type, 'NUMBER', data_scale, null) as scale
 from all_tab_columns
 where owner = 'RUBY'
 and table_name = 'SITES'
 order by column_id
[0m
  [4;35;1mPrimary Key (3.1ms)[0m   [0m select cc.column_name
 from all_constraints c, all_cons_columns cc
 where c.owner = 'RUBY'
 and c.table_name = 'SITES'
 and c.constraint_type = 'P'
 and cc.owner = c.owner
 and cc.constraint_name = c.constraint_name
[0m
  [4;36;1mSQL (0.6ms)[0m   [0;1m SELECT lower(i.index_name) as index_name, i.uniqueness, lower(c.column_name) as column_name
 FROM user_indexes i, user_ind_columns c
 WHERE i.table_name = 'SITES'
 AND c.index_name = i.index_name
 AND i.index_name NOT IN (SELECT uc.index_name FROM user_constraints uc WHERE uc.constraint_type = 'P')
 ORDER BY i.index_name, c.column_position
[0m
  [4;36;1mSQL (64.6ms)[0m   [0;1mselect lower(table_name) from user_tables[0m
  [4;35;1mSQL (0.4ms)[0m   [0mSELECT version FROM schema_migrations[0m
  [4;36;1mSQL (11.7ms)[0m   [0;1mselect lower(table_name) from user_tables[0m
  [4;35;1mSQL (0.4ms)[0m   [0mSELECT version FROM schema_migrations[0m
Migrating to CreateItems (20100223193714)
  [4;36;1mSQL (38.9ms)[0m   [0;1mDROP TABLE items[0m
  [4;35;1mSQL (0.0ms)[0m   [0mOCIError: ORA-02289: sequence does not exist: DROP SEQUENCE items_seq[0m
  [4;36;1mSQL (0.4ms)[0m   [0;1mDELETE FROM schema_migrations WHERE version = '20100223193714'[0m
  [4;35;1mSQL (12.1ms)[0m   [0mselect lower(table_name) from user_tables[0m
  [4;36;1mSQL (0.4ms)[0m   [0;1mSELECT version FROM schema_migrations[0m
  [4;35;1mSQL (47.3ms)[0m   [0mselect lower(table_name) from user_tables[0m
  [4;36;1mSQL (0.9ms)[0m   [0;1m select column_name as name, data_type as sql_type, data_default, nullable,
 decode(data_type, 'NUMBER', data_precision,
 'FLOAT', data_precision,
 'VARCHAR2', data_length,
 'CHAR', data_length,
 null) as limit,
 decode(data_type, 'NUMBER', data_scale, null) as scale
 from all_tab_columns
 where owner = 'RUBY'
 and table_name = 'SITES'
 order by column_id
[0m
  [4;35;1mPrimary Key (3.7ms)[0m   [0m select cc.column_name
 from all_constraints c, all_cons_columns cc
 where c.owner = 'RUBY'
 and c.table_name = 'SITES'
 and c.constraint_type = 'P'
 and cc.owner = c.owner
 and cc.constraint_name = c.constraint_name
[0m
  [4;36;1mSQL (0.7ms)[0m   [0;1m SELECT lower(i.index_name) as index_name, i.uniqueness, lower(c.column_name) as column_name
 FROM user_indexes i, user_ind_columns c
 WHERE i.table_name = 'SITES'
 AND c.index_name = i.index_name
 AND i.index_name NOT IN (SELECT uc.index_name FROM user_constraints uc WHERE uc.constraint_type = 'P')
 ORDER BY i.index_name, c.column_position
[0m
  [4;36;1mSQL (40.3ms)[0m   [0;1mselect lower(table_name) from user_tables[0m
  [4;35;1mSQL (0.4ms)[0m   [0mSELECT version FROM schema_migrations[0m
  [4;36;1mSQL (34.8ms)[0m   [0;1mselect lower(table_name) from user_tables[0m
  [4;35;1mSQL (0.4ms)[0m   [0mSELECT version FROM schema_migrations[0m
Migrating to CreateSites (20100223193702)
  [4;36;1mSQL (33.6ms)[0m   [0;1mDROP TABLE sites[0m
  [4;35;1mSQL (0.0ms)[0m   [0mOCIError: ORA-02289: sequence does not exist: DROP SEQUENCE sites_seq[0m
  [4;36;1mSQL (12.8ms)[0m   [0;1mDELETE FROM schema_migrations WHERE version = '20100223193702'[0m
  [4;35;1mSQL (51.8ms)[0m   [0mselect lower(table_name) from user_tables[0m
  [4;36;1mSQL (0.4ms)[0m   [0;1mSELECT version FROM schema_migrations[0m
  [4;35;1mSQL (21.4ms)[0m   [0mselect lower(table_name) from user_tables[0m
  [4;36;1mSQL (15.5ms)[0m   [0;1mselect lower(table_name) from user_tables[0m
  [4;35;1mSQL (0.4ms)[0m   [0mSELECT version FROM schema_migrations[0m
Migrating to CreateSites (20100223193702)
  [4;36;1mSQL (10.1ms)[0m   [0;1mCREATE TABLE sites (site_id VARCHAR2(3) NOT NULL, locale VARCHAR2(2) NOT NULL, created_at DATE, updated_at DATE) [0m
  [4;35;1mSQL (0.5ms)[0m   [0mINSERT INTO schema_migrations (version) VALUES ('20100223193702')[0m
Migrating to CreateItems (20100223193714)
  [4;36;1mSQL (8.0ms)[0m   [0;1mCREATE TABLE items (site_id VARCHAR2(255), item_id NUMBER(38), title VARCHAR2(255), image VARCHAR2(255), description CLOB, price DECIMAL, bids_count NUMBER(38), cust_id NUMBER(38), created_at DATE, updated_at DATE) [0m
  [4;35;1mSQL (49.9ms)[0m   [0mINSERT INTO schema_migrations (version) VALUES ('20100223193714')[0m
  [4;36;1mSQL (23.2ms)[0m   [0;1mselect lower(table_name) from user_tables[0m
  [4;35;1mSQL (0.4ms)[0m   [0mSELECT version FROM schema_migrations[0m
  [4;36;1mSQL (37.4ms)[0m   [0;1mselect lower(table_name) from user_tables[0m
  [4;35;1mSQL (0.9ms)[0m   [0m select column_name as name, data_type as sql_type, data_default, nullable,
 decode(data_type, 'NUMBER', data_precision,
 'FLOAT', data_precision,
 'VARCHAR2', data_length,
 'CHAR', data_length,
 null) as limit,
 decode(data_type, 'NUMBER', data_scale, null) as scale
 from all_tab_columns
 where owner = 'RUBY'
 and table_name = 'ITEMS'
 order by column_id
[0m
  [4;36;1mPrimary Key (25.7ms)[0m   [0;1m select cc.column_name
 from all_constraints c, all_cons_columns cc
 where c.owner = 'RUBY'
 and c.table_name = 'ITEMS'
 and c.constraint_type = 'P'
 and cc.owner = c.owner
 and cc.constraint_name = c.constraint_name
[0m
  [4;35;1mSQL (0.9ms)[0m   [0m SELECT lower(i.index_name) as index_name, i.uniqueness, lower(c.column_name) as column_name
 FROM user_indexes i, user_ind_columns c
 WHERE i.table_name = 'ITEMS'
 AND c.index_name = i.index_name
 AND i.index_name NOT IN (SELECT uc.index_name FROM user_constraints uc WHERE uc.constraint_type = 'P')
 ORDER BY i.index_name, c.column_position
[0m
  [4;36;1mSQL (0.7ms)[0m   [0;1m select column_name as name, data_type as sql_type, data_default, nullable,
 decode(data_type, 'NUMBER', data_precision,
 'FLOAT', data_precision,
 'VARCHAR2', data_length,
 'CHAR', data_length,
 null) as limit,
 decode(data_type, 'NUMBER', data_scale, null) as scale
 from all_tab_columns
 where owner = 'RUBY'
 and table_name = 'SITES'
 order by column_id
[0m
  [4;35;1mPrimary Key (3.1ms)[0m   [0m select cc.column_name
 from all_constraints c, all_cons_columns cc
 where c.owner = 'RUBY'
 and c.table_name = 'SITES'
 and c.constraint_type = 'P'
 and cc.owner = c.owner
 and cc.constraint_name = c.constraint_name
[0m
  [4;36;1mSQL (0.6ms)[0m   [0;1m SELECT lower(i.index_name) as index_name, i.uniqueness, lower(c.column_name) as column_name
 FROM user_indexes i, user_ind_columns c
 WHERE i.table_name = 'SITES'
 AND c.index_name = i.index_name
 AND i.index_name NOT IN (SELECT uc.index_name FROM user_constraints uc WHERE uc.constraint_type = 'P')
 ORDER BY i.index_name, c.column_position
[0m
  [4;36;1mSQL (54.2ms)[0m   [0;1mselect lower(table_name) from user_tables[0m
  [4;35;1mSQL (0.5ms)[0m   [0mSELECT version FROM schema_migrations[0m
  [4;36;1mSQL (12.1ms)[0m   [0;1mselect lower(table_name) from user_tables[0m
  [4;35;1mSQL (0.4ms)[0m   [0mSELECT version FROM schema_migrations[0m
Migrating to CreateItems (20100223193714)
  [4;36;1mSQL (60.1ms)[0m   [0;1mDROP TABLE items[0m
  [4;35;1mSQL (0.0ms)[0m   [0mOCIError: ORA-02289: sequence does not exist: DROP SEQUENCE items_seq[0m
  [4;36;1mSQL (0.5ms)[0m   [0;1mDELETE FROM schema_migrations WHERE version = '20100223193714'[0m
  [4;35;1mSQL (39.6ms)[0m   [0mselect lower(table_name) from user_tables[0m
  [4;36;1mSQL (0.4ms)[0m   [0;1mSELECT version FROM schema_migrations[0m
  [4;35;1mSQL (15.6ms)[0m   [0mselect lower(table_name) from user_tables[0m
  [4;36;1mSQL (23.0ms)[0m   [0;1m select column_name as name, data_type as sql_type, data_default, nullable,
 decode(data_type, 'NUMBER', data_precision,
 'FLOAT', data_precision,
 'VARCHAR2', data_length,
 'CHAR', data_length,
 null) as limit,
 decode(data_type, 'NUMBER', data_scale, null) as scale
 from all_tab_columns
 where owner = 'RUBY'
 and table_name = 'SITES'
 order by column_id
[0m
  [4;35;1mPrimary Key (3.7ms)[0m   [0m select cc.column_name
 from all_constraints c, all_cons_columns cc
 where c.owner = 'RUBY'
 and c.table_name = 'SITES'
 and c.constraint_type = 'P'
 and cc.owner = c.owner
 and cc.constraint_name = c.constraint_name
[0m
  [4;36;1mSQL (0.7ms)[0m   [0;1m SELECT lower(i.index_name) as index_name, i.uniqueness, lower(c.column_name) as column_name
 FROM user_indexes i, user_ind_columns c
 WHERE i.table_name = 'SITES'
 AND c.index_name = i.index_name
 AND i.index_name NOT IN (SELECT uc.index_name FROM user_constraints uc WHERE uc.constraint_type = 'P')
 ORDER BY i.index_name, c.column_position
[0m
  [4;36;1mSQL (46.7ms)[0m   [0;1mselect lower(table_name) from user_tables[0m
  [4;35;1mSQL (0.4ms)[0m   [0mSELECT version FROM schema_migrations[0m
  [4;36;1mSQL (34.8ms)[0m   [0;1mselect lower(table_name) from user_tables[0m
  [4;35;1mSQL (0.4ms)[0m   [0mSELECT version FROM schema_migrations[0m
Migrating to CreateSites (20100223193702)
  [4;36;1mSQL (13.5ms)[0m   [0;1mDROP TABLE sites[0m
  [4;35;1mSQL (0.0ms)[0m   [0mOCIError: ORA-02289: sequence does not exist: DROP SEQUENCE sites_seq[0m
  [4;36;1mSQL (0.5ms)[0m   [0;1mDELETE FROM schema_migrations WHERE version = '20100223193702'[0m
  [4;35;1mSQL (11.9ms)[0m   [0mselect lower(table_name) from user_tables[0m
  [4;36;1mSQL (0.4ms)[0m   [0;1mSELECT version FROM schema_migrations[0m
  [4;35;1mSQL (11.2ms)[0m   [0mselect lower(table_name) from user_tables[0m
  [4;36;1mSQL (49.4ms)[0m   [0;1mselect lower(table_name) from user_tables[0m
  [4;35;1mSQL (0.5ms)[0m   [0mSELECT version FROM schema_migrations[0m
Migrating to CreateSites (20100223193702)
  [4;36;1mSQL (26.9ms)[0m   [0;1mCREATE TABLE sites (site_id VARCHAR2(3) NOT NULL, locale VARCHAR2(2) NOT NULL, created_at DATE, updated_at DATE) [0m
  [4;35;1mSQL (0.0ms)[0m   [0mOCIError: ORA-00911: invalid character: ALTER TABLE sites ADD PRIMARY KEY (site_id);[0m
  [4;36;1mSQL (49.5ms)[0m   [0;1mselect lower(table_name) from user_tables[0m
  [4;35;1mSQL (0.4ms)[0m   [0mSELECT version FROM schema_migrations[0m
Migrating to CreateSites (20100223193702)
  [4;36;1mSQL (0.0ms)[0m   [0;1mOCIError: ORA-00955: name is already used by an existing object: CREATE TABLE sites (site_id VARCHAR2(3) NOT NULL, locale VARCHAR2(2) NOT NULL, created_at DATE, updated_at DATE) [0m
  [4;36;1mSQL (42.9ms)[0m   [0;1mselect lower(table_name) from user_tables[0m
  [4;35;1mSQL (0.4ms)[0m   [0mSELECT version FROM schema_migrations[0m
  [4;36;1mSQL (40.8ms)[0m   [0;1mselect lower(table_name) from user_tables[0m
  [4;35;1mSQL (0.4ms)[0m   [0mSELECT version FROM schema_migrations[0m
  [4;36;1mSQL (51.6ms)[0m   [0;1mselect lower(table_name) from user_tables[0m
  [4;35;1mSQL (0.9ms)[0m   [0m select column_name as name, data_type as sql_type, data_default, nullable,
 decode(data_type, 'NUMBER', data_precision,
 'FLOAT', data_precision,
 'VARCHAR2', data_length,
 'CHAR', data_length,
 null) as limit,
 decode(data_type, 'NUMBER', data_scale, null) as scale
 from all_tab_columns
 where owner = 'RUBY'
 and table_name = 'SITES'
 order by column_id
[0m
  [4;36;1mPrimary Key (3.7ms)[0m   [0;1m select cc.column_name
 from all_constraints c, all_cons_columns cc
 where c.owner = 'RUBY'
 and c.table_name = 'SITES'
 and c.constraint_type = 'P'
 and cc.owner = c.owner
 and cc.constraint_name = c.constraint_name
[0m
  [4;35;1mSQL (0.8ms)[0m   [0m SELECT lower(i.index_name) as index_name, i.uniqueness, lower(c.column_name) as column_name
 FROM user_indexes i, user_ind_columns c
 WHERE i.table_name = 'SITES'
 AND c.index_name = i.index_name
 AND i.index_name NOT IN (SELECT uc.index_name FROM user_constraints uc WHERE uc.constraint_type = 'P')
 ORDER BY i.index_name, c.column_position
[0m
  [4;36;1mSQL (78.2ms)[0m   [0;1mselect lower(table_name) from user_tables[0m
  [4;35;1mSQL (0.4ms)[0m   [0mSELECT version FROM schema_migrations[0m
  [4;36;1mSQL (34.3ms)[0m   [0;1mselect lower(table_name) from user_tables[0m
  [4;35;1mSQL (0.4ms)[0m   [0mSELECT version FROM schema_migrations[0m
  [4;36;1mSQL (29.9ms)[0m   [0;1mselect lower(table_name) from user_tables[0m
  [4;35;1mSQL (13.0ms)[0m   [0m select column_name as name, data_type as sql_type, data_default, nullable,
 decode(data_type, 'NUMBER', data_precision,
 'FLOAT', data_precision,
 'VARCHAR2', data_length,
 'CHAR', data_length,
 null) as limit,
 decode(data_type, 'NUMBER', data_scale, null) as scale
 from all_tab_columns
 where owner = 'RUBY'
 and table_name = 'SITES'
 order by column_id
[0m
  [4;36;1mPrimary Key (4.1ms)[0m   [0;1m select cc.column_name
 from all_constraints c, all_cons_columns cc
 where c.owner = 'RUBY'
 and c.table_name = 'SITES'
 and c.constraint_type = 'P'
 and cc.owner = c.owner
 and cc.constraint_name = c.constraint_name
[0m
  [4;35;1mSQL (0.9ms)[0m   [0m SELECT lower(i.index_name) as index_name, i.uniqueness, lower(c.column_name) as column_name
 FROM user_indexes i, user_ind_columns c
 WHERE i.table_name = 'SITES'
 AND c.index_name = i.index_name
 AND i.index_name NOT IN (SELECT uc.index_name FROM user_constraints uc WHERE uc.constraint_type = 'P')
 ORDER BY i.index_name, c.column_position
[0m
  [4;36;1mSQL (63.0ms)[0m   [0;1mselect lower(table_name) from user_tables[0m
  [4;35;1mSQL (0.5ms)[0m   [0mSELECT version FROM schema_migrations[0m
  [4;36;1mSQL (22.0ms)[0m   [0;1mselect lower(table_name) from user_tables[0m
  [4;35;1mSQL (0.3ms)[0m   [0mSELECT version FROM schema_migrations[0m
  [4;36;1mSQL (34.6ms)[0m   [0;1mselect lower(table_name) from user_tables[0m
  [4;35;1mSQL (1.0ms)[0m   [0m select column_name as name, data_type as sql_type, data_default, nullable,
 decode(data_type, 'NUMBER', data_precision,
 'FLOAT', data_precision,
 'VARCHAR2', data_length,
 'CHAR', data_length,
 null) as limit,
 decode(data_type, 'NUMBER', data_scale, null) as scale
 from all_tab_columns
 where owner = 'RUBY'
 and table_name = 'SITES'
 order by column_id
[0m
  [4;36;1mPrimary Key (3.7ms)[0m   [0;1m select cc.column_name
 from all_constraints c, all_cons_columns cc
 where c.owner = 'RUBY'
 and c.table_name = 'SITES'
 and c.constraint_type = 'P'
 and cc.owner = c.owner
 and cc.constraint_name = c.constraint_name
[0m
  [4;35;1mSQL (0.9ms)[0m   [0m SELECT lower(i.index_name) as index_name, i.uniqueness, lower(c.column_name) as column_name
 FROM user_indexes i, user_ind_columns c
 WHERE i.table_name = 'SITES'
 AND c.index_name = i.index_name
 AND i.index_name NOT IN (SELECT uc.index_name FROM user_constraints uc WHERE uc.constraint_type = 'P')
 ORDER BY i.index_name, c.column_position
[0m
  [4;36;1mSQL (25.5ms)[0m   [0;1mselect lower(table_name) from user_tables[0m
  [4;35;1mSQL (0.4ms)[0m   [0mSELECT version FROM schema_migrations[0m
Migrating to CreateSites (20100223193702)
  [4;36;1mSQL (30.1ms)[0m   [0;1mCREATE TABLE sites (site_id VARCHAR2(3) NOT NULL, locale VARCHAR2(2) NOT NULL, created_at DATE, updated_at DATE) [0m
  [4;35;1mSQL (20.0ms)[0m   [0mALTER TABLE sites ADD PRIMARY KEY (site_id)[0m
  [4;36;1mSQL (0.5ms)[0m   [0;1mINSERT INTO schema_migrations (version) VALUES ('20100223193702')[0m
Migrating to CreateItems (20100223193714)
  [4;35;1mSQL (22.8ms)[0m   [0mCREATE TABLE items (site_id VARCHAR2(255), item_id NUMBER(38), title VARCHAR2(255), image VARCHAR2(255), description CLOB, price DECIMAL, bids_count NUMBER(38), cust_id NUMBER(38), created_at DATE, updated_at DATE) [0m
  [4;36;1mSQL (12.6ms)[0m   [0;1mINSERT INTO schema_migrations (version) VALUES ('20100223193714')[0m
  [4;35;1mSQL (52.2ms)[0m   [0mselect lower(table_name) from user_tables[0m
  [4;36;1mSQL (0.4ms)[0m   [0;1mSELECT version FROM schema_migrations[0m
  [4;35;1mSQL (21.4ms)[0m   [0mselect lower(table_name) from user_tables[0m
  [4;36;1mSQL (0.9ms)[0m   [0;1m select column_name as name, data_type as sql_type, data_default, nullable,
 decode(data_type, 'NUMBER', data_precision,
 'FLOAT', data_precision,
 'VARCHAR2', data_length,
 'CHAR', data_length,
 null) as limit,
 decode(data_type, 'NUMBER', data_scale, null) as scale
 from all_tab_columns
 where owner = 'RUBY'
 and table_name = 'ITEMS'
 order by column_id
[0m
  [4;35;1mPrimary Key (27.5ms)[0m   [0m select cc.column_name
 from all_constraints c, all_cons_columns cc
 where c.owner = 'RUBY'
 and c.table_name = 'ITEMS'
 and c.constraint_type = 'P'
 and cc.owner = c.owner
 and cc.constraint_name = c.constraint_name
[0m
  [4;36;1mSQL (0.9ms)[0m   [0;1m SELECT lower(i.index_name) as index_name, i.uniqueness, lower(c.column_name) as column_name
 FROM user_indexes i, user_ind_columns c
 WHERE i.table_name = 'ITEMS'
 AND c.index_name = i.index_name
 AND i.index_name NOT IN (SELECT uc.index_name FROM user_constraints uc WHERE uc.constraint_type = 'P')
 ORDER BY i.index_name, c.column_position
[0m
  [4;35;1mSQL (0.7ms)[0m   [0m select column_name as name, data_type as sql_type, data_default, nullable,
 decode(data_type, 'NUMBER', data_precision,
 'FLOAT', data_precision,
 'VARCHAR2', data_length,
 'CHAR', data_length,
 null) as limit,
 decode(data_type, 'NUMBER', data_scale, null) as scale
 from all_tab_columns
 where owner = 'RUBY'
 and table_name = 'SITES'
 order by column_id
[0m
  [4;36;1mPrimary Key (3.3ms)[0m   [0;1m select cc.column_name
 from all_constraints c, all_cons_columns cc
 where c.owner = 'RUBY'
 and c.table_name = 'SITES'
 and c.constraint_type = 'P'
 and cc.owner = c.owner
 and cc.constraint_name = c.constraint_name
[0m
  [4;35;1mSQL (23.6ms)[0m   [0m SELECT lower(i.index_name) as index_name, i.uniqueness, lower(c.column_name) as column_name
 FROM user_indexes i, user_ind_columns c
 WHERE i.table_name = 'SITES'
 AND c.index_name = i.index_name
 AND i.index_name NOT IN (SELECT uc.index_name FROM user_constraints uc WHERE uc.constraint_type = 'P')
 ORDER BY i.index_name, c.column_position
[0m
